[{"line":1,"elements":[{"start_timestamp":"2024-07-09T07:16:03.273Z","line":5,"name":"Validate userid","description":"","id":"amazon-test-cases;validate-userid","type":"scenario","keyword":"Scenario","steps":[{"result":{"duration":14207043100,"status":"passed"},"line":6,"name":"i open \"chrome\" and get url \"https://www.amazon.in/\" test name \"AmazonLogin\" report name \"LoginReport\"","match":{"arguments":[{"val":"\"chrome\"","offset":7},{"val":"\"https://www.amazon.in/\"","offset":28},{"val":"\"AmazonLogin\"","offset":63},{"val":"\"LoginReport\"","offset":89}],"location":"testcases.UseridTest.i_open_and_get_url_test_name_report_name(java.lang.String,java.lang.String,java.lang.String,java.lang.String)"},"keyword":"Given "},{"result":{"duration":2202299800,"status":"passed"},"line":7,"name":"click signin","match":{"location":"testcases.UseridTest.click_signin()"},"keyword":"And "},{"result":{"duration":2349729700,"status":"passed"},"line":8,"name":"I enter valid userid \"varunisharma18@gmail.com\"","match":{"arguments":[{"val":"\"varunisharma18@gmail.com\"","offset":21}],"location":"testcases.UseridTest.i_enter_valid_userid(java.lang.String)"},"keyword":"When "},{"result":{"duration":255204400,"status":"passed"},"line":9,"name":"click continue button","match":{"location":"testcases.UseridTest.click_continue_button()"},"keyword":"And "},{"result":{"duration":2025648900,"status":"passed"},"line":10,"name":"I error should not come","match":{"location":"testcases.UseridTest.i_error_should_not_come()"},"keyword":"Then "},{"result":{"duration":57619600,"status":"passed"},"line":11,"name":"password should come","match":{"location":"testcases.UseridTest.password_should_come()"},"keyword":"But "}],"tags":[{"name":"@uid"}]},{"start_timestamp":"2024-07-09T07:16:24.468Z","line":14,"name":"validate password","description":"","id":"amazon-test-cases;validate-password","type":"scenario","keyword":"Scenario","steps":[{"result":{"duration":997400,"status":"passed"},"line":15,"name":"userid is valid and password textbox displayed","match":{"location":"testcases.PasswordTest.userid_is_valid_and_password_textbox_displayed()"},"keyword":"Given "},{"result":{"duration":300635700,"status":"passed"},"line":16,"name":"enter a valid password \"18@Mayvibha\"","match":{"arguments":[{"val":"\"18@Mayvibha\"","offset":23}],"location":"testcases.PasswordTest.enter_a_valid_password(java.lang.String)"},"keyword":"When "},{"result":{"duration":3899299600,"status":"passed"},"line":17,"name":"i should login","match":{"location":"testcases.PasswordTest.i_should_login()"},"keyword":"Then "}],"tags":[{"name":"@pwd"}]},{"start_timestamp":"2024-07-09T07:16:28.707Z","line":29,"name":"searching products","description":"","id":"amazon-test-cases;searching-products;;2","type":"scenario","keyword":"Scenario Outline","steps":[{"result":{"status":"passed"},"line":21,"name":"i am logged in","match":{"location":"testcases.ProductSearch.i_am_logged_in()"},"keyword":"Given "},{"result":{"error_message":"org.openqa.selenium.NoSuchElementException: no such element: Unable to locate element: {\"method\":\"xpath\",\"selector\":\"//*[@id=\"twotabsearchtextbox\"]\"}\n  (Session info: chrome=126.0.6478.126)\nFor documentation on this error, please visit: https://www.selenium.dev/documentation/webdriver/troubleshooting/errors#no-such-element-exception\nBuild info: version: '4.21.0', revision: '79ed462ef4'\nSystem info: os.name: 'Windows 10', os.arch: 'amd64', os.version: '10.0', java.version: '17.0.11'\nDriver info: org.openqa.selenium.chrome.ChromeDriver\nCommand: [ef16fe11e4b41b9bf7ef69551a1dd5d0, findElement {using=xpath, value=//*[@id=\"twotabsearchtextbox\"]}]\nCapabilities {acceptInsecureCerts: false, browserName: chrome, browserVersion: 126.0.6478.126, chrome: {chromedriverVersion: 126.0.6478.126 (d36ace6122e..., userDataDir: C:\\Users\\sony\\AppData\\Local...}, fedcm:accounts: true, goog:chromeOptions: {debuggerAddress: localhost:63893}, networkConnectionEnabled: false, pageLoadStrategy: normal, platformName: windows, proxy: Proxy(), se:cdp: ws://localhost:63893/devtoo..., se:cdpVersion: 126.0.6478.126, setWindowRect: true, strictFileInteractability: false, timeouts: {implicit: 0, pageLoad: 300000, script: 30000}, unhandledPromptBehavior: dismiss and notify, webauthn:extension:credBlob: true, webauthn:extension:largeBlob: true, webauthn:extension:minPinLength: true, webauthn:extension:prf: true, webauthn:virtualAuthenticators: true}\nSession ID: ef16fe11e4b41b9bf7ef69551a1dd5d0\r\n\tat java.base/jdk.internal.reflect.NativeConstructorAccessorImpl.newInstance0(Native Method)\r\n\tat java.base/jdk.internal.reflect.NativeConstructorAccessorImpl.newInstance(NativeConstructorAccessorImpl.java:77)\r\n\tat java.base/jdk.internal.reflect.DelegatingConstructorAccessorImpl.newInstance(DelegatingConstructorAccessorImpl.java:45)\r\n\tat java.base/java.lang.reflect.Constructor.newInstanceWithCaller(Constructor.java:499)\r\n\tat java.base/java.lang.reflect.Constructor.newInstance(Constructor.java:480)\r\n\tat org.openqa.selenium.remote.ErrorCodec.decode(ErrorCodec.java:167)\r\n\tat org.openqa.selenium.remote.codec.w3c.W3CHttpResponseCodec.decode(W3CHttpResponseCodec.java:138)\r\n\tat org.openqa.selenium.remote.codec.w3c.W3CHttpResponseCodec.decode(W3CHttpResponseCodec.java:50)\r\n\tat org.openqa.selenium.remote.HttpCommandExecutor.execute(HttpCommandExecutor.java:190)\r\n\tat org.openqa.selenium.remote.service.DriverCommandExecutor.invokeExecute(DriverCommandExecutor.java:216)\r\n\tat org.openqa.selenium.remote.service.DriverCommandExecutor.execute(DriverCommandExecutor.java:174)\r\n\tat org.openqa.selenium.remote.RemoteWebDriver.execute(RemoteWebDriver.java:518)\r\n\tat org.openqa.selenium.remote.ElementLocation$ElementFinder$2.findElement(ElementLocation.java:165)\r\n\tat org.openqa.selenium.remote.ElementLocation.findElement(ElementLocation.java:59)\r\n\tat org.openqa.selenium.remote.RemoteWebDriver.findElement(RemoteWebDriver.java:355)\r\n\tat org.openqa.selenium.remote.RemoteWebDriver.findElement(RemoteWebDriver.java:349)\r\n\tat org.openqa.selenium.support.pagefactory.DefaultElementLocator.findElement(DefaultElementLocator.java:68)\r\n\tat org.openqa.selenium.support.pagefactory.internal.LocatingElementHandler.invoke(LocatingElementHandler.java:38)\r\n\tat jdk.proxy2/jdk.proxy2.$Proxy21.clear(Unknown Source)\r\n\tat testcases.ProductSearch.i_search_for_product_and_price(ProductSearch.java:43)\r\n\tat ✽.i search for product Shirt and price 1200(file:///C:/Users/sony/eclipse-workspace/Vcucumber/src/test/resources/feature/document.feature:22)\r\n","duration":2031383800,"status":"failed"},"line":22,"name":"i search for product Shirt and price 1200","match":{"arguments":[{"val":"Shirt","offset":21},{"val":"1200","offset":37}],"location":"testcases.ProductSearch.i_search_for_product_and_price(java.lang.String,int)"},"keyword":"When "},{"result":{"duration":1130000,"status":"skipped"},"line":23,"name":"product must come","match":{"location":"testcases.ProductSearch.product_must_come()"},"keyword":"Then "},{"result":{"duration":999500,"status":"skipped"},"line":24,"name":"close browser","match":{"location":"testcases.ProductSearch.close_browser()"},"keyword":"And "}],"tags":[{"name":"@search"},{"name":"@data1"}]},{"start_timestamp":"2024-07-09T07:16:30.838Z","line":30,"name":"searching products","description":"","id":"amazon-test-cases;searching-products;;3","type":"scenario","keyword":"Scenario Outline","steps":[{"result":{"duration":995000,"status":"passed"},"line":21,"name":"i am logged in","match":{"location":"testcases.ProductSearch.i_am_logged_in()"},"keyword":"Given "},{"result":{"error_message":"org.openqa.selenium.NoSuchElementException: no such element: Unable to locate element: {\"method\":\"xpath\",\"selector\":\"//*[@id=\"twotabsearchtextbox\"]\"}\n  (Session info: chrome=126.0.6478.126)\nFor documentation on this error, please visit: https://www.selenium.dev/documentation/webdriver/troubleshooting/errors#no-such-element-exception\nBuild info: version: '4.21.0', revision: '79ed462ef4'\nSystem info: os.name: 'Windows 10', os.arch: 'amd64', os.version: '10.0', java.version: '17.0.11'\nDriver info: org.openqa.selenium.chrome.ChromeDriver\nCommand: [ef16fe11e4b41b9bf7ef69551a1dd5d0, findElement {using=xpath, value=//*[@id=\"twotabsearchtextbox\"]}]\nCapabilities {acceptInsecureCerts: false, browserName: chrome, browserVersion: 126.0.6478.126, chrome: {chromedriverVersion: 126.0.6478.126 (d36ace6122e..., userDataDir: C:\\Users\\sony\\AppData\\Local...}, fedcm:accounts: true, goog:chromeOptions: {debuggerAddress: localhost:63893}, networkConnectionEnabled: false, pageLoadStrategy: normal, platformName: windows, proxy: Proxy(), se:cdp: ws://localhost:63893/devtoo..., se:cdpVersion: 126.0.6478.126, setWindowRect: true, strictFileInteractability: false, timeouts: {implicit: 0, pageLoad: 300000, script: 30000}, unhandledPromptBehavior: dismiss and notify, webauthn:extension:credBlob: true, webauthn:extension:largeBlob: true, webauthn:extension:minPinLength: true, webauthn:extension:prf: true, webauthn:virtualAuthenticators: true}\nSession ID: ef16fe11e4b41b9bf7ef69551a1dd5d0\r\n\tat java.base/jdk.internal.reflect.NativeConstructorAccessorImpl.newInstance0(Native Method)\r\n\tat java.base/jdk.internal.reflect.NativeConstructorAccessorImpl.newInstance(NativeConstructorAccessorImpl.java:77)\r\n\tat java.base/jdk.internal.reflect.DelegatingConstructorAccessorImpl.newInstance(DelegatingConstructorAccessorImpl.java:45)\r\n\tat java.base/java.lang.reflect.Constructor.newInstanceWithCaller(Constructor.java:499)\r\n\tat java.base/java.lang.reflect.Constructor.newInstance(Constructor.java:480)\r\n\tat org.openqa.selenium.remote.ErrorCodec.decode(ErrorCodec.java:167)\r\n\tat org.openqa.selenium.remote.codec.w3c.W3CHttpResponseCodec.decode(W3CHttpResponseCodec.java:138)\r\n\tat org.openqa.selenium.remote.codec.w3c.W3CHttpResponseCodec.decode(W3CHttpResponseCodec.java:50)\r\n\tat org.openqa.selenium.remote.HttpCommandExecutor.execute(HttpCommandExecutor.java:190)\r\n\tat org.openqa.selenium.remote.service.DriverCommandExecutor.invokeExecute(DriverCommandExecutor.java:216)\r\n\tat org.openqa.selenium.remote.service.DriverCommandExecutor.execute(DriverCommandExecutor.java:174)\r\n\tat org.openqa.selenium.remote.RemoteWebDriver.execute(RemoteWebDriver.java:518)\r\n\tat org.openqa.selenium.remote.ElementLocation$ElementFinder$2.findElement(ElementLocation.java:165)\r\n\tat org.openqa.selenium.remote.ElementLocation.findElement(ElementLocation.java:59)\r\n\tat org.openqa.selenium.remote.RemoteWebDriver.findElement(RemoteWebDriver.java:355)\r\n\tat org.openqa.selenium.remote.RemoteWebDriver.findElement(RemoteWebDriver.java:349)\r\n\tat org.openqa.selenium.support.pagefactory.DefaultElementLocator.findElement(DefaultElementLocator.java:68)\r\n\tat org.openqa.selenium.support.pagefactory.internal.LocatingElementHandler.invoke(LocatingElementHandler.java:38)\r\n\tat jdk.proxy2/jdk.proxy2.$Proxy21.clear(Unknown Source)\r\n\tat testcases.ProductSearch.i_search_for_product_and_price(ProductSearch.java:43)\r\n\tat ✽.i search for product Pant and price 4500(file:///C:/Users/sony/eclipse-workspace/Vcucumber/src/test/resources/feature/document.feature:22)\r\n","duration":2096591000,"status":"failed"},"line":22,"name":"i search for product Pant and price 4500","match":{"arguments":[{"val":"Pant","offset":21},{"val":"4500","offset":36}],"location":"testcases.ProductSearch.i_search_for_product_and_price(java.lang.String,int)"},"keyword":"When "},{"result":{"status":"skipped"},"line":23,"name":"product must come","match":{"location":"testcases.ProductSearch.product_must_come()"},"keyword":"Then "},{"result":{"duration":1000800,"status":"skipped"},"line":24,"name":"close browser","match":{"location":"testcases.ProductSearch.close_browser()"},"keyword":"And "}],"tags":[{"name":"@search"},{"name":"@data1"}]},{"start_timestamp":"2024-07-09T07:16:33.004Z","line":31,"name":"searching products","description":"","id":"amazon-test-cases;searching-products;;4","type":"scenario","keyword":"Scenario Outline","steps":[{"result":{"duration":998200,"status":"passed"},"line":21,"name":"i am logged in","match":{"location":"testcases.ProductSearch.i_am_logged_in()"},"keyword":"Given "},{"result":{"error_message":"org.openqa.selenium.NoSuchElementException: no such element: Unable to locate element: {\"method\":\"xpath\",\"selector\":\"//*[@id=\"twotabsearchtextbox\"]\"}\n  (Session info: chrome=126.0.6478.126)\nFor documentation on this error, please visit: https://www.selenium.dev/documentation/webdriver/troubleshooting/errors#no-such-element-exception\nBuild info: version: '4.21.0', revision: '79ed462ef4'\nSystem info: os.name: 'Windows 10', os.arch: 'amd64', os.version: '10.0', java.version: '17.0.11'\nDriver info: org.openqa.selenium.chrome.ChromeDriver\nCommand: [ef16fe11e4b41b9bf7ef69551a1dd5d0, findElement {using=xpath, value=//*[@id=\"twotabsearchtextbox\"]}]\nCapabilities {acceptInsecureCerts: false, browserName: chrome, browserVersion: 126.0.6478.126, chrome: {chromedriverVersion: 126.0.6478.126 (d36ace6122e..., userDataDir: C:\\Users\\sony\\AppData\\Local...}, fedcm:accounts: true, goog:chromeOptions: {debuggerAddress: localhost:63893}, networkConnectionEnabled: false, pageLoadStrategy: normal, platformName: windows, proxy: Proxy(), se:cdp: ws://localhost:63893/devtoo..., se:cdpVersion: 126.0.6478.126, setWindowRect: true, strictFileInteractability: false, timeouts: {implicit: 0, pageLoad: 300000, script: 30000}, unhandledPromptBehavior: dismiss and notify, webauthn:extension:credBlob: true, webauthn:extension:largeBlob: true, webauthn:extension:minPinLength: true, webauthn:extension:prf: true, webauthn:virtualAuthenticators: true}\nSession ID: ef16fe11e4b41b9bf7ef69551a1dd5d0\r\n\tat java.base/jdk.internal.reflect.NativeConstructorAccessorImpl.newInstance0(Native Method)\r\n\tat java.base/jdk.internal.reflect.NativeConstructorAccessorImpl.newInstance(NativeConstructorAccessorImpl.java:77)\r\n\tat java.base/jdk.internal.reflect.DelegatingConstructorAccessorImpl.newInstance(DelegatingConstructorAccessorImpl.java:45)\r\n\tat java.base/java.lang.reflect.Constructor.newInstanceWithCaller(Constructor.java:499)\r\n\tat java.base/java.lang.reflect.Constructor.newInstance(Constructor.java:480)\r\n\tat org.openqa.selenium.remote.ErrorCodec.decode(ErrorCodec.java:167)\r\n\tat org.openqa.selenium.remote.codec.w3c.W3CHttpResponseCodec.decode(W3CHttpResponseCodec.java:138)\r\n\tat org.openqa.selenium.remote.codec.w3c.W3CHttpResponseCodec.decode(W3CHttpResponseCodec.java:50)\r\n\tat org.openqa.selenium.remote.HttpCommandExecutor.execute(HttpCommandExecutor.java:190)\r\n\tat org.openqa.selenium.remote.service.DriverCommandExecutor.invokeExecute(DriverCommandExecutor.java:216)\r\n\tat org.openqa.selenium.remote.service.DriverCommandExecutor.execute(DriverCommandExecutor.java:174)\r\n\tat org.openqa.selenium.remote.RemoteWebDriver.execute(RemoteWebDriver.java:518)\r\n\tat org.openqa.selenium.remote.ElementLocation$ElementFinder$2.findElement(ElementLocation.java:165)\r\n\tat org.openqa.selenium.remote.ElementLocation.findElement(ElementLocation.java:59)\r\n\tat org.openqa.selenium.remote.RemoteWebDriver.findElement(RemoteWebDriver.java:355)\r\n\tat org.openqa.selenium.remote.RemoteWebDriver.findElement(RemoteWebDriver.java:349)\r\n\tat org.openqa.selenium.support.pagefactory.DefaultElementLocator.findElement(DefaultElementLocator.java:68)\r\n\tat org.openqa.selenium.support.pagefactory.internal.LocatingElementHandler.invoke(LocatingElementHandler.java:38)\r\n\tat jdk.proxy2/jdk.proxy2.$Proxy21.clear(Unknown Source)\r\n\tat testcases.ProductSearch.i_search_for_product_and_price(ProductSearch.java:43)\r\n\tat ✽.i search for product Tie and price 400(file:///C:/Users/sony/eclipse-workspace/Vcucumber/src/test/resources/feature/document.feature:22)\r\n","duration":2081450900,"status":"failed"},"line":22,"name":"i search for product Tie and price 400","match":{"arguments":[{"val":"Tie","offset":21},{"val":"400","offset":35}],"location":"testcases.ProductSearch.i_search_for_product_and_price(java.lang.String,int)"},"keyword":"When "},{"result":{"duration":998000,"status":"skipped"},"line":23,"name":"product must come","match":{"location":"testcases.ProductSearch.product_must_come()"},"keyword":"Then "},{"result":{"duration":1999800,"status":"skipped"},"line":24,"name":"close browser","match":{"location":"testcases.ProductSearch.close_browser()"},"keyword":"And "}],"tags":[{"name":"@search"},{"name":"@data1"}]},{"start_timestamp":"2024-07-09T07:16:35.143Z","line":36,"name":"searching products","description":"","id":"amazon-test-cases;searching-products;;2","type":"scenario","keyword":"Scenario Outline","steps":[{"result":{"duration":998800,"status":"passed"},"line":21,"name":"i am logged in","match":{"location":"testcases.ProductSearch.i_am_logged_in()"},"keyword":"Given "},{"result":{"error_message":"org.openqa.selenium.NoSuchElementException: no such element: Unable to locate element: {\"method\":\"xpath\",\"selector\":\"//*[@id=\"twotabsearchtextbox\"]\"}\n  (Session info: chrome=126.0.6478.126)\nFor documentation on this error, please visit: https://www.selenium.dev/documentation/webdriver/troubleshooting/errors#no-such-element-exception\nBuild info: version: '4.21.0', revision: '79ed462ef4'\nSystem info: os.name: 'Windows 10', os.arch: 'amd64', os.version: '10.0', java.version: '17.0.11'\nDriver info: org.openqa.selenium.chrome.ChromeDriver\nCommand: [ef16fe11e4b41b9bf7ef69551a1dd5d0, findElement {using=xpath, value=//*[@id=\"twotabsearchtextbox\"]}]\nCapabilities {acceptInsecureCerts: false, browserName: chrome, browserVersion: 126.0.6478.126, chrome: {chromedriverVersion: 126.0.6478.126 (d36ace6122e..., userDataDir: C:\\Users\\sony\\AppData\\Local...}, fedcm:accounts: true, goog:chromeOptions: {debuggerAddress: localhost:63893}, networkConnectionEnabled: false, pageLoadStrategy: normal, platformName: windows, proxy: Proxy(), se:cdp: ws://localhost:63893/devtoo..., se:cdpVersion: 126.0.6478.126, setWindowRect: true, strictFileInteractability: false, timeouts: {implicit: 0, pageLoad: 300000, script: 30000}, unhandledPromptBehavior: dismiss and notify, webauthn:extension:credBlob: true, webauthn:extension:largeBlob: true, webauthn:extension:minPinLength: true, webauthn:extension:prf: true, webauthn:virtualAuthenticators: true}\nSession ID: ef16fe11e4b41b9bf7ef69551a1dd5d0\r\n\tat java.base/jdk.internal.reflect.NativeConstructorAccessorImpl.newInstance0(Native Method)\r\n\tat java.base/jdk.internal.reflect.NativeConstructorAccessorImpl.newInstance(NativeConstructorAccessorImpl.java:77)\r\n\tat java.base/jdk.internal.reflect.DelegatingConstructorAccessorImpl.newInstance(DelegatingConstructorAccessorImpl.java:45)\r\n\tat java.base/java.lang.reflect.Constructor.newInstanceWithCaller(Constructor.java:499)\r\n\tat java.base/java.lang.reflect.Constructor.newInstance(Constructor.java:480)\r\n\tat org.openqa.selenium.remote.ErrorCodec.decode(ErrorCodec.java:167)\r\n\tat org.openqa.selenium.remote.codec.w3c.W3CHttpResponseCodec.decode(W3CHttpResponseCodec.java:138)\r\n\tat org.openqa.selenium.remote.codec.w3c.W3CHttpResponseCodec.decode(W3CHttpResponseCodec.java:50)\r\n\tat org.openqa.selenium.remote.HttpCommandExecutor.execute(HttpCommandExecutor.java:190)\r\n\tat org.openqa.selenium.remote.service.DriverCommandExecutor.invokeExecute(DriverCommandExecutor.java:216)\r\n\tat org.openqa.selenium.remote.service.DriverCommandExecutor.execute(DriverCommandExecutor.java:174)\r\n\tat org.openqa.selenium.remote.RemoteWebDriver.execute(RemoteWebDriver.java:518)\r\n\tat org.openqa.selenium.remote.ElementLocation$ElementFinder$2.findElement(ElementLocation.java:165)\r\n\tat org.openqa.selenium.remote.ElementLocation.findElement(ElementLocation.java:59)\r\n\tat org.openqa.selenium.remote.RemoteWebDriver.findElement(RemoteWebDriver.java:355)\r\n\tat org.openqa.selenium.remote.RemoteWebDriver.findElement(RemoteWebDriver.java:349)\r\n\tat org.openqa.selenium.support.pagefactory.DefaultElementLocator.findElement(DefaultElementLocator.java:68)\r\n\tat org.openqa.selenium.support.pagefactory.internal.LocatingElementHandler.invoke(LocatingElementHandler.java:38)\r\n\tat jdk.proxy2/jdk.proxy2.$Proxy21.clear(Unknown Source)\r\n\tat testcases.ProductSearch.i_search_for_product_and_price(ProductSearch.java:43)\r\n\tat ✽.i search for product Mobile and price 15000(file:///C:/Users/sony/eclipse-workspace/Vcucumber/src/test/resources/feature/document.feature:22)\r\n","duration":2029109600,"status":"failed"},"line":22,"name":"i search for product Mobile and price 15000","match":{"arguments":[{"val":"Mobile","offset":21},{"val":"15000","offset":38}],"location":"testcases.ProductSearch.i_search_for_product_and_price(java.lang.String,int)"},"keyword":"When "},{"result":{"status":"skipped"},"line":23,"name":"product must come","match":{"location":"testcases.ProductSearch.product_must_come()"},"keyword":"Then "},{"result":{"status":"skipped"},"line":24,"name":"close browser","match":{"location":"testcases.ProductSearch.close_browser()"},"keyword":"And "}],"tags":[{"name":"@search"},{"name":"@data2"}]},{"start_timestamp":"2024-07-09T07:16:37.225Z","line":37,"name":"searching products","description":"","id":"amazon-test-cases;searching-products;;3","type":"scenario","keyword":"Scenario Outline","steps":[{"result":{"duration":1000000,"status":"passed"},"line":21,"name":"i am logged in","match":{"location":"testcases.ProductSearch.i_am_logged_in()"},"keyword":"Given "},{"result":{"error_message":"org.openqa.selenium.NoSuchElementException: no such element: Unable to locate element: {\"method\":\"xpath\",\"selector\":\"//*[@id=\"twotabsearchtextbox\"]\"}\n  (Session info: chrome=126.0.6478.126)\nFor documentation on this error, please visit: https://www.selenium.dev/documentation/webdriver/troubleshooting/errors#no-such-element-exception\nBuild info: version: '4.21.0', revision: '79ed462ef4'\nSystem info: os.name: 'Windows 10', os.arch: 'amd64', os.version: '10.0', java.version: '17.0.11'\nDriver info: org.openqa.selenium.chrome.ChromeDriver\nCommand: [ef16fe11e4b41b9bf7ef69551a1dd5d0, findElement {using=xpath, value=//*[@id=\"twotabsearchtextbox\"]}]\nCapabilities {acceptInsecureCerts: false, browserName: chrome, browserVersion: 126.0.6478.126, chrome: {chromedriverVersion: 126.0.6478.126 (d36ace6122e..., userDataDir: C:\\Users\\sony\\AppData\\Local...}, fedcm:accounts: true, goog:chromeOptions: {debuggerAddress: localhost:63893}, networkConnectionEnabled: false, pageLoadStrategy: normal, platformName: windows, proxy: Proxy(), se:cdp: ws://localhost:63893/devtoo..., se:cdpVersion: 126.0.6478.126, setWindowRect: true, strictFileInteractability: false, timeouts: {implicit: 0, pageLoad: 300000, script: 30000}, unhandledPromptBehavior: dismiss and notify, webauthn:extension:credBlob: true, webauthn:extension:largeBlob: true, webauthn:extension:minPinLength: true, webauthn:extension:prf: true, webauthn:virtualAuthenticators: true}\nSession ID: ef16fe11e4b41b9bf7ef69551a1dd5d0\r\n\tat java.base/jdk.internal.reflect.NativeConstructorAccessorImpl.newInstance0(Native Method)\r\n\tat java.base/jdk.internal.reflect.NativeConstructorAccessorImpl.newInstance(NativeConstructorAccessorImpl.java:77)\r\n\tat java.base/jdk.internal.reflect.DelegatingConstructorAccessorImpl.newInstance(DelegatingConstructorAccessorImpl.java:45)\r\n\tat java.base/java.lang.reflect.Constructor.newInstanceWithCaller(Constructor.java:499)\r\n\tat java.base/java.lang.reflect.Constructor.newInstance(Constructor.java:480)\r\n\tat org.openqa.selenium.remote.ErrorCodec.decode(ErrorCodec.java:167)\r\n\tat org.openqa.selenium.remote.codec.w3c.W3CHttpResponseCodec.decode(W3CHttpResponseCodec.java:138)\r\n\tat org.openqa.selenium.remote.codec.w3c.W3CHttpResponseCodec.decode(W3CHttpResponseCodec.java:50)\r\n\tat org.openqa.selenium.remote.HttpCommandExecutor.execute(HttpCommandExecutor.java:190)\r\n\tat org.openqa.selenium.remote.service.DriverCommandExecutor.invokeExecute(DriverCommandExecutor.java:216)\r\n\tat org.openqa.selenium.remote.service.DriverCommandExecutor.execute(DriverCommandExecutor.java:174)\r\n\tat org.openqa.selenium.remote.RemoteWebDriver.execute(RemoteWebDriver.java:518)\r\n\tat org.openqa.selenium.remote.ElementLocation$ElementFinder$2.findElement(ElementLocation.java:165)\r\n\tat org.openqa.selenium.remote.ElementLocation.findElement(ElementLocation.java:59)\r\n\tat org.openqa.selenium.remote.RemoteWebDriver.findElement(RemoteWebDriver.java:355)\r\n\tat org.openqa.selenium.remote.RemoteWebDriver.findElement(RemoteWebDriver.java:349)\r\n\tat org.openqa.selenium.support.pagefactory.DefaultElementLocator.findElement(DefaultElementLocator.java:68)\r\n\tat org.openqa.selenium.support.pagefactory.internal.LocatingElementHandler.invoke(LocatingElementHandler.java:38)\r\n\tat jdk.proxy2/jdk.proxy2.$Proxy21.clear(Unknown Source)\r\n\tat testcases.ProductSearch.i_search_for_product_and_price(ProductSearch.java:43)\r\n\tat ✽.i search for product Mobile and price 10000(file:///C:/Users/sony/eclipse-workspace/Vcucumber/src/test/resources/feature/document.feature:22)\r\n","duration":2086276600,"status":"failed"},"line":22,"name":"i search for product Mobile and price 10000","match":{"arguments":[{"val":"Mobile","offset":21},{"val":"10000","offset":38}],"location":"testcases.ProductSearch.i_search_for_product_and_price(java.lang.String,int)"},"keyword":"When "},{"result":{"status":"skipped"},"line":23,"name":"product must come","match":{"location":"testcases.ProductSearch.product_must_come()"},"keyword":"Then "},{"result":{"duration":1000500,"status":"skipped"},"line":24,"name":"close browser","match":{"location":"testcases.ProductSearch.close_browser()"},"keyword":"And "}],"tags":[{"name":"@search"},{"name":"@data2"}]},{"start_timestamp":"2024-07-09T07:16:39.356Z","line":38,"name":"searching products","description":"","id":"amazon-test-cases;searching-products;;4","type":"scenario","keyword":"Scenario Outline","steps":[{"result":{"duration":993000,"status":"passed"},"line":21,"name":"i am logged in","match":{"location":"testcases.ProductSearch.i_am_logged_in()"},"keyword":"Given "},{"result":{"duration":12260168200,"status":"passed"},"line":22,"name":"i search for product Mobile and price 8000","match":{"arguments":[{"val":"Mobile","offset":21},{"val":"8000","offset":38}],"location":"testcases.ProductSearch.i_search_for_product_and_price(java.lang.String,int)"},"keyword":"When "},{"result":{"duration":1806713500,"status":"passed"},"line":23,"name":"product must come","match":{"location":"testcases.ProductSearch.product_must_come()"},"keyword":"Then "},{"result":{"duration":1000400,"status":"passed"},"line":24,"name":"close browser","match":{"location":"testcases.ProductSearch.close_browser()"},"keyword":"And "}],"tags":[{"name":"@search"},{"name":"@data2"}]}],"name":"Amazon test cases","description":"  I want to use this feature file to run amaon test cases","id":"amazon-test-cases","keyword":"Feature","uri":"file:src/test/resources/feature/document.feature","tags":[]}]